C51 COMPILER V9.00   BEEP                                                                  05/09/2013 21:26:06 PAGE 1   


C51 COMPILER V9.00, COMPILATION OF MODULE BEEP
OBJECT MODULE PLACED IN beep.OBJ
COMPILER INVOKED BY: C:\Keil\C51\BIN\C51.EXE beep.c BROWSE DEBUG OBJECTEXTEND

line level    source

   1          #include "define.h"
   2          
   3          #ifndef __BEEPCFILE__
   4          #define __BEEPCFILE__
   5          
   6          sbit BEEP = P3^7;
   7          
   8          xdata unsigned int beepDelayCnt = 0,bDelayTime = 0;
   9          bit isSound;
  10          
  11          void InitBeep(void)
  12          {
  13   1              P3M1 = 0x00;
  14   1              P3M0 |= 0x80;
  15   1              BEEP = 0;
  16   1      }
  17          
  18          void BeepDrv(void)
  19          {
  20   1              if (beepDelayCnt>bDelayTime)
  21   1              {
  22   2                      isSound = !isSound;
  23   2                      BEEP = isSound;
  24   2                      beepDelayCnt = 0;
  25   2              }
  26   1              if (bDelayTime)
  27   1              {
  28   2                      beepDelayCnt = beepDelayCnt + 1;
  29   2              }
  30   1              else
  31   1              {
  32   2                      BEEP = (isSound = 0);
  33   2              }
  34   1      }
  35          
  36          void Sound(unsigned int bDelay)
  37          {
  38   1              bDelayTime = bDelay;
  39   1      }
  40          
  41          void Beep(unsigned char OnOff)
  42          {
  43   1              BEEP = (OnOff!=0);
  44   1      }
  45          
  46          #endif //__BEEPCFILE__
  47          


MODULE INFORMATION:   STATIC OVERLAYABLE
   CODE SIZE        =     83    ----
   CONSTANT SIZE    =   ----    ----
   XDATA SIZE       =      4    ----
   PDATA SIZE       =   ----    ----
   DATA SIZE        =   ----    ----
C51 COMPILER V9.00   BEEP                                                                  05/09/2013 21:26:06 PAGE 2   

   IDATA SIZE       =   ----    ----
   BIT SIZE         =      1    ----
END OF MODULE INFORMATION.


C51 COMPILATION COMPLETE.  0 WARNING(S),  0 ERROR(S)
