C51 COMPILER V9.00   COMMPORT0                                                             05/09/2013 21:26:07 PAGE 1   


C51 COMPILER V9.00, COMPILATION OF MODULE COMMPORT0
OBJECT MODULE PLACED IN CommPort0.OBJ
COMPILER INVOKED BY: C:\Keil\C51\BIN\C51.EXE CommPort0.c BROWSE DEBUG OBJECTEXTEND

line level    source

   1          #include "define.h"
   2          
   3          #ifndef __COM0CFILE__
   4          #define __COM0CFILE__
   5          
   6          xdata char COM0_rsBuf[COM0_RSBUF_LEN];  //定义COM0接收缓冲区
   7          xdata int COM0_RcvCount = 0;                            //定义COM0接收到的字符数
   8          xdata int COM0_SndCount = 0;                            //定义COM0要发送的字符数
   9          xdata int COM0_SndPosi = 0;                             //定义COM0要发送的当前字符索引
  10          bit COM0_RcvCompleted = 0;                      //定义COM0接收已完成标志
  11          unsigned char COM0_CET=0;                       //定义计数器
  12          
  13          //data char COM0_PARITY=0;
  14          #ifdef _MENU
  15          #define COM0_PARITY SetValue.OddEven
  16          #define ModSlv_SA SetValue.ModbusSA
  17          #else
              #define COM0_PARITY 1
              #define ModSlv_SA 02
              #endif
  21          
  22          #ifdef _MODBUSSLAVE_COM0
  23          #include "modslv.h"
  24          #endif
  25          
  26          #ifdef _BEEP
  27          #include "beep.h"
  28          #endif
  29          
  30          #ifdef _MENU
  31          #include "menu3.h"
  32          #endif
  33          
  34          #define SYSCLK 11059200
  35          #define BAUDBASE SYSCLK / 384
  36          
  37          code unsigned char BAUD[]= {-(BAUDBASE/1200),-(BAUDBASE/2400),-(BAUDBASE/4800),-(BAUDBASE/9600)};
  38          
  39          void Init_COM0()
  40          {
  41   1              COM0_RcvCount = 0;
  42   1      
  43   1              AUXR &= 0xFE;           //串口1选择定时器1为波特率发生器
  44   1              TMOD&=0x0F;
  45   1              TMOD|=0x20;
  46   1              
  47   1              //PCON |= 0x80;
  48   1              TH1=BAUD[SetValue.BaudRate]; //波特率9600 11.0592M 0xFD
  49   1              TL1=BAUD[SetValue.BaudRate]; //18.432M 0xFB
  50   1      
  51   1              SM0 = COM0_PARITY;
  52   1              SM1=1;
  53   1      
  54   1              SM2=0;
  55   1              REN=1;
C51 COMPILER V9.00   COMMPORT0                                                             05/09/2013 21:26:07 PAGE 2   

  56   1              ES=1;
  57   1              TR1=1;
  58   1      }
  59          
  60          void Reinit_COM0()
  61          {
  62   1              //EA = 0;
  63   1      
  64   1              TH1=BAUD[SetValue.BaudRate % 4]; //波特率9600 11.0592M 0xFD
  65   1              TL1=BAUD[SetValue.BaudRate % 4]; //18.432M 0xFB
  66   1              SM0 = COM0_PARITY;
  67   1      
  68   1              //EA = 1;
  69   1      }
  70          
  71          void COM0_Start_Sent()
  72          {
  73   1              COM0_RcvCount = 0;
  74   1              ES=1;
  75   1              if (COM0_SndCount>0)
  76   1              {
  77   2                      if (COM0_PARITY==1)
  78   2                      {               //奇
  79   3                              ACC = COM0_rsBuf[0];
  80   3                              TB8=~P;
  81   3                              SBUF=ACC;
  82   3                      }
  83   2                      else if (COM0_PARITY==2)
  84   2                      {       //偶
  85   3                              ACC = COM0_rsBuf[0];
  86   3                              TB8=P;
  87   3                              SBUF=ACC;
  88   3                      }
  89   2                      else
  90   2                      {
  91   3                              SBUF=COM0_rsBuf[0];
  92   3                      }
  93   2                      COM0_SndPosi=1;
  94   2              }
  95   1      }
  96          
  97          
  98          void COM0_Rcv()
  99          {
 100   1              if (
 101   1      #ifdef _MODBUSMASTER_COM0       
                              (COM0_RcvCount==0 && COM0_CET>=COM0_TIMEOUT) || 
              #endif          
 104   1                      (COM0_RcvCount>0 && COM0_RcvCount<COM0_RSBUF_LEN && COM0_CET>=COM0_RCVTIMEOUT))
 105   1              {
 106   2                      COM0_RcvCompleted = 1;
 107   2                      //P2=COM0_RcvCount;
 108   2                      COM0_CET = 0;
 109   2                      //P0=COM0_CET;
 110   2                      //REN = 0;      //接收完成，则禁止接收中断
 111   2              }
 112   1              else if (COM0_RcvCount>=COM0_RSBUF_LEN)
 113   1              {
 114   2                      COM0_RcvCount=0;
 115   2                      COM0_CET=0;
 116   2              }
 117   1              else
C51 COMPILER V9.00   COMMPORT0                                                             05/09/2013 21:26:07 PAGE 3   

 118   1              {
 119   2                      COM0_CET++;
 120   2              }
 121   1      }
 122          
 123          void Serial0() interrupt 4
 124          {       //串行通讯中断 
 125   1              xdata unsigned char ch=0;
 126   1      
 127   1              COM0_CET=0;
 128   1      
 129   1              if (TI)
 130   1              {               //发送中断 
 131   2                      TI=0;
 132   2      
 133   2                      if(COM0_SndPosi<COM0_SndCount)
 134   2                      {       //发送字符 
 135   3                              ch = COM0_rsBuf[COM0_SndPosi++];
 136   3                              
 137   3                              if (COM0_PARITY==1)
 138   3                              {               //奇
 139   4                                      ACC = ch;
 140   4                                      TB8=~P;
 141   4                                      SBUF=ch;
 142   4                              }
 143   3                              else if (COM0_PARITY==2)
 144   3                              {       //偶
 145   4                                      ACC = ch;
 146   4                                      TB8=P;
 147   4                                      SBUF=ch;
 148   4                              }
 149   3                              else 
 150   3                              {
 151   4                                      SBUF=ch;
 152   4                              }
 153   3                      }
 154   2                      else
 155   2                      {               //发送完毕 
 156   3                              COM0_SndCount=0;
 157   3                              REN=1;  //允许接收中断
 158   3                      }
 159   2              }
 160   1      
 161   1              if (RI)
 162   1              {               //接收中断 
 163   2                      RI=0;
 164   2                      ch=SBUF;
 165   2                      //Beep(1);
 166   2                      if (COM0_RcvCount>0 && COM0_RcvCount<COM0_RSBUF_LEN)
 167   2                      {       //接收剩余字节 
 168   3                              COM0_rsBuf[COM0_RcvCount++]=ch;
 169   3                      }
 170   2                      else
 171   2                      {
 172   3                              if ((ch==
 173   3      #ifdef _MODBUSMASTER_COM0
                                              COM0_rsBuf[0]
              #else                           
 176   3                                      ModSlv_SA
 177   3      #endif                          
 178   3                                      )||(ch==90))
 179   3                              {       //判断接收到地址!
C51 COMPILER V9.00   COMMPORT0                                                             05/09/2013 21:26:07 PAGE 4   

 180   4                                      COM0_rsBuf[0]=ch;
 181   4                                      COM0_RcvCount=1;
 182   4                              }
 183   3                              else
 184   3                              {
 185   4                                      COM0_RcvCount=0;
 186   4                              }
 187   3                      }
 188   2              }
 189   1      }
 190          
 191          #endif  //__COM0CFILE__


MODULE INFORMATION:   STATIC OVERLAYABLE
   CODE SIZE        =    465    ----
   CONSTANT SIZE    =      4    ----
   XDATA SIZE       =    126       1
   PDATA SIZE       =   ----    ----
   DATA SIZE        =      1    ----
   IDATA SIZE       =   ----    ----
   BIT SIZE         =      1    ----
END OF MODULE INFORMATION.


C51 COMPILATION COMPLETE.  0 WARNING(S),  0 ERROR(S)
