C51 COMPILER V9.00   KEY                                                                   05/09/2013 21:26:08 PAGE 1   


C51 COMPILER V9.00, COMPILATION OF MODULE KEY
OBJECT MODULE PLACED IN key.OBJ
COMPILER INVOKED BY: C:\Keil\C51\BIN\C51.EXE key.c BROWSE DEBUG OBJECTEXTEND

line level    source

   1          #include "define.h"
   2          
   3          #ifndef __KEYCFILE__
   4          #define __KEYCFILE__
   5          
   6          sbit K1=P2^7;                   //Key 1
   7          sbit K2=P2^6;                   //Key 2
   8          sbit K3=P2^5;                   //Key 3
   9          sbit K4=P2^1;                   //Key 4
  10          sbit K5=P2^0;                   //Key 5
  11          sbit K6=P4^0;                   //Key 6
  12          
  13          sbit K1L=P4^4;                  //Key 1 Indicator
  14          sbit K2L=P4^5;                  //Key 2 Indicator
  15          sbit K3L=P4^1;                  //Key 3 Indicator
  16          sbit K4L=P2^2;                  //Key 4 Indicator
  17          sbit K5L=P2^3;                  //Key 5 Indicator
  18          sbit K6L=P2^4;                  //Key 6 Indicator
  19          
  20          xdata unsigned char keycode = 0;
  21          xdata unsigned char keycode_bak = 0;
  22          
  23          xdata unsigned int KeyCnt = 0;
  24          
  25          void InitKeyDrv(void)
  26          {
  27   1              P4SW = 0xFF;
  28   1      }
  29          
  30          void keydrv(void)
  31          {
  32   1              //keycode_bak = keycode;
  33   1              keycode =0;
  34   1              if (K1)                 //Key 1
  35   1              {
  36   2                      keycode |= 0x01;
  37   2                      K1L = 0;
  38   2              }
  39   1              else
  40   1              {
  41   2                      K1L = 1;
  42   2              }
  43   1      
  44   1              if (K2)                 //Key 2 
  45   1              {
  46   2                      keycode |= 0x02;
  47   2                      K2L = 0;
  48   2              }
  49   1              else
  50   1              {
  51   2                      K2L = 1;
  52   2              }
  53   1      
  54   1              if (K3)                 //Key 3
  55   1              {
C51 COMPILER V9.00   KEY                                                                   05/09/2013 21:26:08 PAGE 2   

  56   2                      keycode |= 0x04;
  57   2                      K3L = 0;
  58   2              }
  59   1              else
  60   1              {
  61   2                      K3L = 1;
  62   2              }
  63   1      
  64   1              if (K4)                 //Key 4
  65   1              {
  66   2                      keycode |= 0x08;
  67   2                      K4L = 0;
  68   2              }
  69   1              else
  70   1              {
  71   2                      K4L = 1;
  72   2              }
  73   1      
  74   1              if (K5)                 //Key 5
  75   1              {
  76   2                      keycode |= 0x10;
  77   2                      K5L = 0;
  78   2              }
  79   1              else 
  80   1              {
  81   2                      K5L = 1;
  82   2              }
  83   1      
  84   1      
  85   1              if (K6)                 //Key 6
  86   1              {
  87   2                      keycode |= 0x20;
  88   2                      K6L = 0;
  89   2              }
  90   1              else
  91   1              {
  92   2                      K6L = 1;
  93   2              }
  94   1              
  95   1              if (KeyCnt) KeyCnt++; 
  96   1              //return keycode;               
  97   1      }
  98          
  99          unsigned char GetKey(void)
 100          {
 101   1              if (keycode)
 102   1              {
 103   2                      if (keycode != keycode_bak)
 104   2                      {
 105   3                              keycode_bak = keycode;
 106   3                              KeyCnt = 1;
 107   3                              return keycode_bak;
 108   3                      }
 109   2                      else if (KeyCnt>200 && (KeyCnt % 10 == 0))
 110   2                      {
 111   3                              return keycode_bak;
 112   3                      }
 113   2              }
 114   1              else
 115   1              {
 116   2                      KeyCnt = 0;
 117   2                      keycode_bak = 0;
C51 COMPILER V9.00   KEY                                                                   05/09/2013 21:26:08 PAGE 3   

 118   2              }
 119   1              return 0;
 120   1      }
 121          
 122          sbit LD2=P3^5;
 123          sbit LD3=P3^2;
 124          sbit LD4=P3^4;
 125          sbit LD5=P3^3;
 126          
 127          xdata long IndicatorCnt = 0;
 128          
 129          void Indicator(unsigned char mask)
 130          {
 131   1              if (mask & 0x01)
 132   1              {
 133   2                      LD3 = 0;
 134   2              }
 135   1              else
 136   1              {
 137   2                      LD3 = 1;
 138   2              }
 139   1      
 140   1              if (mask & 0x02)
 141   1              {
 142   2                      LD4 = 1;
 143   2                      if (IndicatorCnt>=100)
 144   2                      {
 145   3                              LD5 = ~LD5;
 146   3                              IndicatorCnt = 0;
 147   3                      }
 148   2                      IndicatorCnt++;
 149   2              }
 150   1              else if (mask & 0x08)
 151   1              {
 152   2                      LD5 = 1;
 153   2                      if (IndicatorCnt>=100)
 154   2                      {
 155   3                              LD4 = ~LD4;
 156   3                              IndicatorCnt = 0;
 157   3                      }
 158   2                      IndicatorCnt++;
 159   2              }
 160   1              else
 161   1              {
 162   2                      LD4 = 1;
 163   2                      LD5 = 1;
 164   2                      IndicatorCnt = 0;
 165   2              }
 166   1      
 167   1              if (mask & 0x04)
 168   1              {
 169   2                      LD2 = 0;
 170   2              }
 171   1              else
 172   1              {
 173   2                      LD2 = 1;
 174   2              }          
 175   1      
 176   1      }
 177          
 178          #endif //__KEYCFILE__
 179          
C51 COMPILER V9.00   KEY                                                                   05/09/2013 21:26:08 PAGE 4   



MODULE INFORMATION:   STATIC OVERLAYABLE
   CODE SIZE        =    370    ----
   CONSTANT SIZE    =   ----    ----
   XDATA SIZE       =      8    ----
   PDATA SIZE       =   ----    ----
   DATA SIZE        =   ----       1
   IDATA SIZE       =   ----    ----
   BIT SIZE         =   ----    ----
END OF MODULE INFORMATION.


C51 COMPILATION COMPLETE.  0 WARNING(S),  0 ERROR(S)
