C51 COMPILER V9.00   MAIN                                                                  05/09/2013 21:26:08 PAGE 1   


C51 COMPILER V9.00, COMPILATION OF MODULE MAIN
OBJECT MODULE PLACED IN main.OBJ
COMPILER INVOKED BY: C:\Keil\C51\BIN\C51.EXE main.c BROWSE DEBUG OBJECTEXTEND

line level    source

   1          #include "define.h"
   2          
   3          #ifdef _COM0
   4          #include "CommPort0.h"
   5          //#include "CommPort0.c"
   6          #endif
   7          
   8          #ifdef _COM1
   9          #include "CommPort1.h"
  10          //#include "CommPort1.c"
  11          #endif
  12          
  13          #ifdef _MODBUSMASTER
  14          #include "modmst.h"
  15          //#include "modmst.c"
  16          #endif
  17          
  18          #ifdef _MODBUSSLAVE
  19          #include "modslv.h"
  20          //#include "modslv.c"
  21          #endif
  22          
  23          #ifdef _HSC
              #include "HSC.h"
              #include "HSC.c"
              #endif
  27          
  28          #ifdef _ADC
              #include "ADC.h"
              #include "ADC.c"
              #endif
  32          
  33          #ifdef _PWM1
  34          #include "PWM1.h"
  35          //#include "PWM1.c"
  36          #endif
  37          
  38          #ifdef _TIMER
  39          #include "Timer.h"
  40          //#include "Timer.c"
  41          #endif
  42          
  43          #ifdef _FLASH
  44          #include "Flash.h"
  45          //#include "Flash.c"
  46          #endif
  47          
  48          #ifdef _MENU
  49          #include "menu3.h"
  50          //#include "menu3.c"
  51          #endif
  52          
  53          #ifdef _BEEP
  54          #include "beep.h"
  55          //#include "beep.c"
C51 COMPILER V9.00   MAIN                                                                  05/09/2013 21:26:08 PAGE 2   

  56          #endif
  57          
  58          #ifdef _KEY
  59          #include "key.h"
  60          //#include "key.c"
  61          #endif
  62          
  63          typedef union
  64          {
  65                  int W;
  66                  unsigned char B[2];
  67                  struct
  68                  {
  69                          unsigned char H, L;
  70                  }BX;
  71          }XByte;
  72          
  73          xdata unsigned char Light = 13;
  74          xdata unsigned char bLight = 13;
  75          xdata unsigned char Key = 0;
  76          bit isCom0Setted = 0;
  77          
  78          void main()
  79          {
  80   1              //EA=0;
  81   1      #ifdef _TIMER
  82   1              //初始化通用定时器
  83   1              Init_Timer();
  84   1      #endif
  85   1      
  86   1              //如定义COM1， 则初始化COM1
  87   1      #ifdef _COM0
  88   1              Init_COM0();
  89   1      #endif
  90   1      
  91   1              //如定义COM1， 则初始化COM1
  92   1      #ifdef _COM1
  93   1              Init_COM1();
  94   1      #endif
  95   1      
  96   1      #ifdef _HSC
                      Init_T0_Cnt();
              #endif
  99   1      
 100   1      #ifdef _ADC
                      Init_ADC(0xE3);
              #endif
 103   1      
 104   1      #ifdef _KEY
 105   1              InitKeyDrv();
 106   1      #endif
 107   1      
 108   1      #ifdef _BEEP
 109   1              InitBeep();
 110   1      #endif
 111   1      
 112   1      #ifdef _PWM1
 113   1              PWM1_Out();
 114   1      #endif
 115   1      
 116   1              EA=1;   //开全局中断
 117   1      
C51 COMPILER V9.00   MAIN                                                                  05/09/2013 21:26:08 PAGE 3   

 118   1      #ifdef _MENU    
 119   1              InitMenu();
 120   1      #endif
 121   1              //Indicator(Light);
 122   1              //LightOn(127);
 123   1      #ifdef _WDT
                      WDT_CONTR = 0x3E;
              #endif
 126   1              ReadSetting();
 127   1      
 128   1              while(1)
 129   1              {
 130   2      
 131   2              //如定义COM0， 则初始化COM0
 132   2      
 133   2      #ifdef _KEY
 134   2              Key = GetKey();
 135   2              
 136   2              if (Light == bLight)
 137   2              {
 138   3                      if (Key==K_AT)
 139   3                      {
 140   4                              if (Light==7)
 141   4                              {
 142   5                                      Light=13;
 143   5                              }
 144   4                              else if (Light==13)
 145   4                              {
 146   5                                      Light = 12;
 147   5                              }
 148   4                              else
 149   4                              {
 150   5                                      Light = 7;
 151   5                              }
 152   4                      }
 153   3                      if (Key==K_OFF)
 154   3                      {
 155   4                              if (!Light) 
 156   4                              {
 157   5                                      Light = 1;                              
 158   5                              }
 159   4                              else
 160   4                              {
 161   5                                      Light = 0;
 162   5                              }
 163   4                      }
 164   3              }
 165   2              else if (!Key)
 166   2              {
 167   3                      bLight=Light;
 168   3              }
 169   2              
 170   2              if (Key)
 171   2              {
 172   3                      Beep(1);
 173   3              }
 174   2              else if (Light==12)
 175   2              {
 176   3                      Sound(100);
 177   3              }
 178   2              else
 179   2              {
C51 COMPILER V9.00   MAIN                                                                  05/09/2013 21:26:08 PAGE 4   

 180   3                      Sound(0);
 181   3                      //Beep(0);
 182   3              }
 183   2              Indicator(Light);
 184   2              
 185   2      #ifdef _MENU    
 186   2              Menu(Key);              
 187   2      #endif
 188   2      
 189   2      #endif  //_KEY defined
 190   2      
 191   2      #ifdef _MODBUSMASTER
 192   2      
 193   2              if (ModMst_Idle && modscan == 0)
 194   2              {
 195   3                      ModMst(2,3,0,12,
 196   3      #ifdef _MENU
 197   3                      (unsigned char*)&IValue
 198   3      #else
                              0
              #endif
 201   3                      );
 202   3              }
 203   2              else
 204   2              {
 205   3                      ModMst_Rcv();
 206   3              }
 207   2      
 208   2              if (SettingChanged)
 209   2              {
 210   3                      Reinit_COM0();
 211   3                      SettingChanged = 0;
 212   3                      LightOn(127);
 213   3              }
 214   2      
 215   2      #endif  
 216   2      
 217   2      #ifdef _MODBUSSLAVE
 218   2              ModSlv();
 219   2      #endif  
 220   2      
 221   2      #ifdef _WDT
                      WDT_CONTR = 0x3E;
              #endif
 224   2      
 225   2              }
 226   1      }
 227          


MODULE INFORMATION:   STATIC OVERLAYABLE
   CODE SIZE        =    210    ----
   CONSTANT SIZE    =   ----    ----
   XDATA SIZE       =      3    ----
   PDATA SIZE       =   ----    ----
   DATA SIZE        =   ----    ----
   IDATA SIZE       =   ----    ----
   BIT SIZE         =      1    ----
END OF MODULE INFORMATION.


C51 COMPILATION COMPLETE.  0 WARNING(S),  0 ERROR(S)
