C51 COMPILER V9.00   PWM1                                                                  05/09/2013 21:26:09 PAGE 1   


C51 COMPILER V9.00, COMPILATION OF MODULE PWM1
OBJECT MODULE PLACED IN PWM1.OBJ
COMPILER INVOKED BY: C:\Keil\C51\BIN\C51.EXE PWM1.c BROWSE DEBUG OBJECTEXTEND

line level    source

   1          #include "define.h"
   2          
   3          #ifndef __PWM1CFILE__
   4          #define __PWM1CFILE__
   5          
   6          void PWM1_Out()
   7          {
   8   1          CMOD    =   8;      // CIDL - - - - CPS1 CPS0 ECF  Setup PCA Timer
   9   1                              // CPS2 CPS1 CPS0 = 5, Fosc/2 is PCA/PWM clock
  10   1                              // 11059200/2/256 = 6000
  11   1          CL      =   0x00;
  12   1          CH      =   0x00;
  13   1          CCAP1L  =   0x80;   //Set the initial value same as CCAP1H
  14   1          CCAP1H  =   0x80;   //50% Duty Cycle
  15   1          CCAPM1  =   0x42;   //0100,0010 Setup PCA module 1 in 8BIT PWM, P3.7
  16   1          CR      =   1;      //Æô¶¯ PCA/PWM ¶¨Ê±Æ÷
  17   1      }
  18          
  19          #endif //__PWM1CFILE__


MODULE INFORMATION:   STATIC OVERLAYABLE
   CODE SIZE        =     20    ----
   CONSTANT SIZE    =   ----    ----
   XDATA SIZE       =   ----    ----
   PDATA SIZE       =   ----    ----
   DATA SIZE        =   ----    ----
   IDATA SIZE       =   ----    ----
   BIT SIZE         =   ----    ----
END OF MODULE INFORMATION.


C51 COMPILATION COMPLETE.  0 WARNING(S),  0 ERROR(S)
